Initialized native services in: /home/raditha/.gradle/native
Initialized jansi services in: /home/raditha/.gradle/native
Found daemon DaemonInfo{pid=689158, address=[db84a69d-ec17-4338-939a-c01e935f70b6 port:36059, addresses:[/127.0.0.1]], state=Idle, lastBusy=1773454729957, context=DefaultDaemonContext[uid=e478590c-63a3-41b4-9996-e9dd7e293992,javaHome=/usr/lib/jvm/amazon-corretto-17.0.9.8.1-linux-x64,javaVersion=17,javaVendor=Amazon.com Inc.,daemonRegistryDir=/home/raditha/.gradle/daemon,pid=689158,idleTimeout=10800000,priority=NORMAL,applyInstrumentationAgent=true,nativeServicesMode=ENABLED,daemonOpts=-Xmx2g,-Dfile.encoding=UTF-8,-Duser.country=US,-Duser.language=en,-Duser.variant]} however its context does not match the desired criteria.
JVM is incompatible.
Wanted: DaemonRequestContext{jvmCriteria=/usr/lib/jvm/java-21-amazon-corretto (no Daemon JVM specified, using current Java home), daemonOpts=[-Xmx2g, -Dfile.encoding=UTF-8, -Duser.country=US, -Duser.language=en, -Duser.variant], applyInstrumentationAgent=true, nativeServicesMode=ENABLED, priority=NORMAL}
Actual: DefaultDaemonContext[uid=e478590c-63a3-41b4-9996-e9dd7e293992,javaHome=/usr/lib/jvm/amazon-corretto-17.0.9.8.1-linux-x64,javaVersion=17,javaVendor=Amazon.com Inc.,daemonRegistryDir=/home/raditha/.gradle/daemon,pid=689158,idleTimeout=10800000,priority=NORMAL,applyInstrumentationAgent=true,nativeServicesMode=ENABLED,daemonOpts=-Xmx2g,-Dfile.encoding=UTF-8,-Duser.country=US,-Duser.language=en,-Duser.variant]

  Looking for a different daemon...
The client will now receive all logging from the daemon (pid: 680048). The daemon log file: /home/raditha/.gradle/daemon/9.4.0/daemon-680048.out.log
Starting 47th build in daemon [uptime: 3 hrs 11 mins 1.548 secs, performance: 100%, GC rate: 0.00/s, heap usage: 0% of 2 GiB]
Using 16 worker leases.
Operational build model parameters: {cachingModelBuilding=false, configurationCache=true, configurationCacheDisabledReason=null, configurationCacheParallelLoad=true, configurationCacheParallelStore=false, configureOnDemand=false, invalidateCoupledProjects=false, isolatedProjects=false, modelAsProjectDependency=false, modelBuilding=false, parallelModelBuilding=false, parallelProjectConfiguration=false, parallelProjectExecution=true, resilientModelBuilding=false}
Encryption key source: default Gradle keystore (pkcs12)
Now considering [/home/raditha/csi/Antikythera/sqool] as hierarchies to watch
Reusing configuration cache.
Now considering [/home/raditha/csi/Antikythera/sqool] as hierarchies to watch
Watching the file system is configured to be enabled if available
File system watching is active
Using local directory build cache for the root build (location = /home/raditha/.gradle/caches/build-cache-1, remove unused entries = after 7 days).
Tasks to be executed: [task ':sqool-ast:compileJava', task ':sqool-ast:processResources', task ':sqool-ast:classes', task ':sqool-ast:jar', task ':sqool-core:compileJava', task ':sqool-conformance:compileJava', task ':sqool-conformance:processResources', task ':sqool-conformance:classes', task ':sqool-grammar-mysql:generateGrammarSource', task ':sqool-grammar-mysql:compileJava', task ':sqool-dialect-mysql:compileJava', task ':sqool-conformance:compileTestJava', task ':sqool-conformance:processTestResources', task ':sqool-conformance:testClasses', task ':sqool-core:processResources', task ':sqool-core:classes', task ':sqool-core:jar', task ':sqool-dialect-mysql:processResources', task ':sqool-dialect-mysql:classes', task ':sqool-dialect-mysql:jar', task ':sqool-grammar-mysql:processResources', task ':sqool-grammar-mysql:classes', task ':sqool-grammar-mysql:jar', task ':sqool-conformance:test', task ':sqool-conformance:jacocoTestReport']
Tasks that were excluded: []
Resolve mutations for :sqool-ast:compileJava (Thread[#3475,Execution worker,5,main]) started.
Resolve mutations for :sqool-ast:processResources (Thread[#3476,Execution worker Thread 2,5,main]) started.
Resolve mutations for :sqool-conformance:processResources (Thread[#3477,Execution worker Thread 3,5,main]) started.
Resolve mutations for :sqool-grammar-mysql:generateGrammarSource (Thread[#3478,Execution worker Thread 4,5,main]) started.
Resolve mutations for :sqool-conformance:processTestResources (Thread[#3479,Execution worker Thread 5,5,main]) started.
:sqool-ast:processResources (Thread[#3476,Execution worker Thread 2,5,main]) started.
:sqool-ast:compileJava (Thread[#3475,Execution worker,5,main]) started.
Resolve mutations for :sqool-dialect-mysql:processResources (Thread[#3481,Execution worker Thread 7,5,main]) started.
Resolve mutations for :sqool-core:processResources (Thread[#3480,Execution worker Thread 6,5,main]) started.
:sqool-conformance:processResources (Thread[#3477,Execution worker Thread 3,5,main]) started.
Resolve mutations for :sqool-grammar-mysql:processResources (Thread[#3482,Execution worker Thread 8,5,main]) started.
:sqool-conformance:processTestResources (Thread[#3479,Execution worker Thread 5,5,main]) started.
:sqool-grammar-mysql:generateGrammarSource (Thread[#3478,Execution worker Thread 4,5,main]) started.
:sqool-core:processResources (Thread[#3480,Execution worker Thread 6,5,main]) started.
:sqool-dialect-mysql:processResources (Thread[#3481,Execution worker Thread 7,5,main]) started.
:sqool-grammar-mysql:processResources (Thread[#3482,Execution worker Thread 8,5,main]) started.

> Task :sqool-grammar-mysql:processResources NO-SOURCE
Skipping task ':sqool-grammar-mysql:processResources' as it has no source files and no previous output files.

> Task :sqool-ast:processResources NO-SOURCE
Skipping task ':sqool-ast:processResources' as it has no source files and no previous output files.

> Task :sqool-core:processResources NO-SOURCE
Skipping task ':sqool-core:processResources' as it has no source files and no previous output files.

> Task :sqool-conformance:processResources NO-SOURCE
Skipping task ':sqool-conformance:processResources' as it has no source files and no previous output files.

> Task :sqool-dialect-mysql:processResources NO-SOURCE
Skipping task ':sqool-dialect-mysql:processResources' as it has no source files and no previous output files.

> Task :sqool-grammar-mysql:generateGrammarSource UP-TO-DATE
Build cache key for task ':sqool-grammar-mysql:generateGrammarSource' is 634891623615e2f008d8d16307b5c9db
Skipping task ':sqool-grammar-mysql:generateGrammarSource' as it is up-to-date.

> Task :sqool-ast:compileJava UP-TO-DATE
Build cache key for task ':sqool-ast:compileJava' is d12434b9a92d500540eac14fe8359415
Skipping task ':sqool-ast:compileJava' as it is up-to-date.
Resolve mutations for :sqool-grammar-mysql:compileJava (Thread[#3478,Execution worker Thread 4,5,main]) started.
Resolve mutations for :sqool-ast:classes (Thread[#3475,Execution worker,5,main]) started.
work action resolve main (project :sqool-ast) (Thread[#3477,Execution worker Thread 3,5,main]) started.
:sqool-ast:classes (Thread[#3475,Execution worker,5,main]) started.
Resolve mutations for :sqool-core:compileJava (Thread[#3477,Execution worker Thread 3,5,main]) started.

> Task :sqool-ast:classes UP-TO-DATE
Skipping task ':sqool-ast:classes' as it has no actions.
Resolve mutations for :sqool-ast:jar (Thread[#3482,Execution worker Thread 8,5,main]) started.
:sqool-grammar-mysql:compileJava (Thread[#3486,Execution worker Thread 11,5,main]) started.
:sqool-core:compileJava (Thread[#3475,Execution worker,5,main]) started.
:sqool-ast:jar (Thread[#3482,Execution worker Thread 8,5,main]) started.

> Task :sqool-ast:jar UP-TO-DATE
Caching disabled for task ':sqool-ast:jar' because:
  Not worth caching
Skipping task ':sqool-ast:jar' as it is up-to-date.

> Task :sqool-core:compileJava UP-TO-DATE
Build cache key for task ':sqool-core:compileJava' is 0a72d6947357e44e895eba92c6110d79
Skipping task ':sqool-core:compileJava' as it is up-to-date.

> Task :sqool-grammar-mysql:compileJava UP-TO-DATE
Build cache key for task ':sqool-grammar-mysql:compileJava' is 78c11f0dea4e2a17a9f12e2e8b3f7191
Skipping task ':sqool-grammar-mysql:compileJava' as it is up-to-date.
work action resolve sqool-ast-0.1.0-SNAPSHOT.jar (project :sqool-ast) (Thread[#3482,Execution worker Thread 8,5,main]) started.
work action resolve main (project :sqool-core) (Thread[#3475,Execution worker,5,main]) started.
Resolve mutations for :sqool-core:classes (Thread[#3482,Execution worker Thread 8,5,main]) started.
work action resolve main (project :sqool-grammar-mysql) (Thread[#3486,Execution worker Thread 11,5,main]) started.
Resolve mutations for :sqool-conformance:compileJava (Thread[#3475,Execution worker,5,main]) started.
Resolve mutations for :sqool-grammar-mysql:classes (Thread[#3474,included builds,5,main]) started.
:sqool-core:classes (Thread[#3482,Execution worker Thread 8,5,main]) started.
Resolve mutations for :sqool-dialect-mysql:compileJava (Thread[#3486,Execution worker Thread 11,5,main]) started.
:sqool-grammar-mysql:classes (Thread[#3489,Execution worker Thread 14,5,main]) started.
:sqool-conformance:compileJava (Thread[#3475,Execution worker,5,main]) started.

> Task :sqool-grammar-mysql:classes UP-TO-DATE
Skipping task ':sqool-grammar-mysql:classes' as it has no actions.

> Task :sqool-core:classes UP-TO-DATE
Skipping task ':sqool-core:classes' as it has no actions.
Resolve mutations for :sqool-core:jar (Thread[#3489,Execution worker Thread 14,5,main]) started.
:sqool-dialect-mysql:compileJava (Thread[#3486,Execution worker Thread 11,5,main]) started.
Resolve mutations for :sqool-grammar-mysql:jar (Thread[#3482,Execution worker Thread 8,5,main]) started.
:sqool-core:jar (Thread[#3489,Execution worker Thread 14,5,main]) started.
:sqool-grammar-mysql:jar (Thread[#3482,Execution worker Thread 8,5,main]) started.

> Task :sqool-conformance:compileJava NO-SOURCE
Skipping task ':sqool-conformance:compileJava' as it has no source files and no previous output files.
Resolve mutations for :sqool-conformance:classes (Thread[#3475,Execution worker,5,main]) started.
:sqool-conformance:classes (Thread[#3481,Execution worker Thread 7,5,main]) started.

> Task :sqool-conformance:classes UP-TO-DATE
Skipping task ':sqool-conformance:classes' as it has no actions.

> Task :sqool-grammar-mysql:jar UP-TO-DATE
Caching disabled for task ':sqool-grammar-mysql:jar' because:
  Not worth caching
Skipping task ':sqool-grammar-mysql:jar' as it is up-to-date.

> Task :sqool-dialect-mysql:compileJava UP-TO-DATE
Build cache key for task ':sqool-dialect-mysql:compileJava' is 35f886328a745e0785f433c32b9d9514
Skipping task ':sqool-dialect-mysql:compileJava' as it is up-to-date.

> Task :sqool-core:jar UP-TO-DATE
Caching disabled for task ':sqool-core:jar' because:
  Not worth caching
Skipping task ':sqool-core:jar' as it is up-to-date.
work action resolve main (project :sqool-dialect-mysql) (Thread[#3482,Execution worker Thread 8,5,main]) started.
work action resolve sqool-grammar-mysql-0.1.0-SNAPSHOT.jar (project :sqool-grammar-mysql) (Thread[#3481,Execution worker Thread 7,5,main]) started.
Resolve mutations for :sqool-dialect-mysql:classes (Thread[#3486,Execution worker Thread 11,5,main]) started.
work action resolve sqool-core-0.1.0-SNAPSHOT.jar (project :sqool-core) (Thread[#3481,Execution worker Thread 7,5,main]) started.
Resolve mutations for :sqool-conformance:compileTestJava (Thread[#3489,Execution worker Thread 14,5,main]) started.
:sqool-dialect-mysql:classes (Thread[#3483,Execution worker Thread 9,5,main]) started.

> Task :sqool-dialect-mysql:classes UP-TO-DATE
Skipping task ':sqool-dialect-mysql:classes' as it has no actions.
:sqool-conformance:compileTestJava (Thread[#3483,Execution worker Thread 9,5,main]) started.
Resolve mutations for :sqool-dialect-mysql:jar (Thread[#3489,Execution worker Thread 14,5,main]) started.
:sqool-dialect-mysql:jar (Thread[#3489,Execution worker Thread 14,5,main]) started.

> Task :sqool-dialect-mysql:jar UP-TO-DATE
Caching disabled for task ':sqool-dialect-mysql:jar' because:
  Not worth caching
Skipping task ':sqool-dialect-mysql:jar' as it is up-to-date.
work action resolve sqool-dialect-mysql-0.1.0-SNAPSHOT.jar (project :sqool-dialect-mysql) (Thread[#3489,Execution worker Thread 14,5,main]) started.

> Task :sqool-conformance:processTestResources
Caching disabled for task ':sqool-conformance:processTestResources' because:
  Not worth caching
Task ':sqool-conformance:processTestResources' is not up-to-date because:
  Input property 'rootSpec$1' file /home/raditha/csi/Antikythera/sqool/sqool-conformance/src/test/resources/mysql/supported/functions-and-exprs.sql has been removed.
  Input property 'rootSpec$1' file /home/raditha/csi/Antikythera/sqool/sqool-conformance/src/test/resources/mysql/supported/show-statements.sql has been added.

> Task :sqool-conformance:compileTestJava
Build cache key for task ':sqool-conformance:compileTestJava' is 85d4937ac59e1299fb8aa9b320863650
Task ':sqool-conformance:compileTestJava' is not up-to-date because:
  Input property 'stableSources' file /home/raditha/csi/Antikythera/sqool/sqool-conformance/src/test/java/io/github/e4c5/sqool/conformance/mysql/MysqlConformanceTest.java has changed.
Compilation mode: default, forking compiler
Created classpath snapshot for incremental compilation in 0.001 secs.
Compiling with toolchain '/home/raditha/.gradle/jdks/eclipse_adoptium-25-amd64-linux.2'.
Compiling with JDK Java compiler API.
Incremental compilation of 3 classes completed in 0.033 secs.
Class dependency analysis for incremental compilation took 0.0 secs.
Stored cache entry for task ':sqool-conformance:compileTestJava' with cache key 85d4937ac59e1299fb8aa9b320863650
Resolve mutations for :sqool-conformance:testClasses (Thread[#3483,Execution worker Thread 9,5,main]) started.
:sqool-conformance:testClasses (Thread[#3475,Execution worker,5,main]) started.

> Task :sqool-conformance:testClasses
Skipping task ':sqool-conformance:testClasses' as it has no actions.
Resolve mutations for :sqool-conformance:test (Thread[#3475,Execution worker,5,main]) started.
:sqool-conformance:test (Thread[#3475,Execution worker,5,main]) started.
Gradle Test Executor 106 started executing tests.
Gradle Test Executor 106 finished executing tests.

> Task :sqool-conformance:test
Build cache key for task ':sqool-conformance:test' is 07a0c3859336af98edb548dd99c5fbf8
Task ':sqool-conformance:test' is not up-to-date because:
  Task has failed previously.
Starting process 'Gradle Test Executor 106'. Working directory: /home/raditha/csi/Antikythera/sqool/sqool-conformance Command: /home/raditha/.gradle/jdks/eclipse_adoptium-25-amd64-linux.2/bin/java -Dorg.gradle.internal.worker.tmpdir=/home/raditha/csi/Antikythera/sqool/sqool-conformance/build/tmp/test/work -javaagent:/home/raditha/csi/Antikythera/sqool/sqool-conformance/build/tmp/.cache/expanded/zip_27729b840c216bdc69a9315e04b27ab1/jacocoagent.jar=destfile=build/jacoco/test.exec,append=true,inclnolocationclasses=false,dumponexit=true,output=file,jmx=false @/home/raditha/.gradle/.tmp/gradle-worker-classpath1238541948629114691txt -Xmx512m -Dfile.encoding=UTF-8 -Duser.country=US -Duser.language=en -Duser.variant -ea worker.org.gradle.process.internal.worker.GradleWorkerMain 'Gradle Test Executor 106'
Successfully started process 'Gradle Test Executor 106'

DebugMysqlAstNodeTest > testAst() STANDARD_OUT
    Result: ParseSuccess[dialect=MYSQL, root=SqlScript[statements=[CreateTableStatement[tableName=users, temporary=false, ifNotExists=true, columns=[ColumnDefinition[name=id, typeName=bigint, attributes=[primarykey, auto_increment], sourceSpan=SourceSpan[startIndex=35, stopIndex=70, startLine=1, startColumn=35, stopLine=1, stopColumn=70]], ColumnDefinition[name=name, typeName=varchar(255), attributes=[notnull], sourceSpan=SourceSpan[startIndex=73, stopIndex=98, startLine=1, startColumn=73, stopLine=1, stopColumn=98]], ColumnDefinition[name=created_at, typeName=timestamp, attributes=[], sourceSpan=SourceSpan[startIndex=101, stopIndex=120, startLine=1, startColumn=101, stopLine=1, stopColumn=120]]], likeTableName=null, tableOptions=null, sourceSpan=SourceSpan[startIndex=7, stopIndex=122, startLine=1, startColumn=7, stopLine=1, stopColumn=122]]], sourceSpan=SourceSpan[startIndex=0, stopIndex=123, startLine=1, startColumn=0, stopLine=1, stopColumn=123]], diagnostics=[]]

Results: SUCCESS (23 tests, 23 successes, 0 failures, 0 skipped)
Generating HTML test report...
Finished generating test html results (0.001 secs) into: /home/raditha/csi/Antikythera/sqool/sqool-conformance/build/reports/tests/test
Finished generating test XML results (0.0 secs) into: /home/raditha/csi/Antikythera/sqool/sqool-conformance/build/test-results/test
Stored cache entry for task ':sqool-conformance:test' with cache key 07a0c3859336af98edb548dd99c5fbf8
Resolve mutations for :sqool-conformance:jacocoTestReport (Thread[#3475,Execution worker,5,main]) started.
:sqool-conformance:jacocoTestReport (Thread[#3475,Execution worker,5,main]) started.

> Task :sqool-conformance:jacocoTestReport
Build cache key for task ':sqool-conformance:jacocoTestReport' is d25d55a91c6f4374798b345b327739e1
Task ':sqool-conformance:jacocoTestReport' is not up-to-date because:
  Input property 'executionData' file /home/raditha/csi/Antikythera/sqool/sqool-conformance/build/jacoco/test.exec has changed.
Running jacoco-report with toolchain '/usr/lib/jvm/java-21-amazon-corretto'.
[ant:jacocoReport] Loading execution data file /home/raditha/csi/Antikythera/sqool/sqool-conformance/build/jacoco/test.exec
[ant:jacocoReport] Writing bundle 'sqool-conformance' with 7 classes
Stored cache entry for task ':sqool-conformance:jacocoTestReport' with cache key d25d55a91c6f4374798b345b327739e1

BUILD SUCCESSFUL in 2s
13 actionable tasks: 4 executed, 9 up-to-date
Configuration cache entry reused.
