Initialized native services in: /home/raditha/.gradle/native
Initialized jansi services in: /home/raditha/.gradle/native
Found daemon DaemonInfo{pid=689158, address=[db84a69d-ec17-4338-939a-c01e935f70b6 port:36059, addresses:[/127.0.0.1]], state=Idle, lastBusy=1773454729957, context=DefaultDaemonContext[uid=e478590c-63a3-41b4-9996-e9dd7e293992,javaHome=/usr/lib/jvm/amazon-corretto-17.0.9.8.1-linux-x64,javaVersion=17,javaVendor=Amazon.com Inc.,daemonRegistryDir=/home/raditha/.gradle/daemon,pid=689158,idleTimeout=10800000,priority=NORMAL,applyInstrumentationAgent=true,nativeServicesMode=ENABLED,daemonOpts=-Xmx2g,-Dfile.encoding=UTF-8,-Duser.country=US,-Duser.language=en,-Duser.variant]} however its context does not match the desired criteria.
JVM is incompatible.
Wanted: DaemonRequestContext{jvmCriteria=/usr/lib/jvm/java-21-amazon-corretto (no Daemon JVM specified, using current Java home), daemonOpts=[-Xmx2g, -Dfile.encoding=UTF-8, -Duser.country=US, -Duser.language=en, -Duser.variant], applyInstrumentationAgent=true, nativeServicesMode=ENABLED, priority=NORMAL}
Actual: DefaultDaemonContext[uid=e478590c-63a3-41b4-9996-e9dd7e293992,javaHome=/usr/lib/jvm/amazon-corretto-17.0.9.8.1-linux-x64,javaVersion=17,javaVendor=Amazon.com Inc.,daemonRegistryDir=/home/raditha/.gradle/daemon,pid=689158,idleTimeout=10800000,priority=NORMAL,applyInstrumentationAgent=true,nativeServicesMode=ENABLED,daemonOpts=-Xmx2g,-Dfile.encoding=UTF-8,-Duser.country=US,-Duser.language=en,-Duser.variant]

  Looking for a different daemon...
The client will now receive all logging from the daemon (pid: 680048). The daemon log file: /home/raditha/.gradle/daemon/9.4.0/daemon-680048.out.log
Starting 37th build in daemon [uptime: 3 hrs 1 mins 40.527 secs, performance: 100%, GC rate: 0.00/s, heap usage: 0% of 2 GiB]
Using 16 worker leases.
Operational build model parameters: {cachingModelBuilding=false, configurationCache=true, configurationCacheDisabledReason=null, configurationCacheParallelLoad=true, configurationCacheParallelStore=false, configureOnDemand=false, invalidateCoupledProjects=false, isolatedProjects=false, modelAsProjectDependency=false, modelBuilding=false, parallelModelBuilding=false, parallelProjectConfiguration=false, parallelProjectExecution=true, resilientModelBuilding=false}
Encryption key source: default Gradle keystore (pkcs12)
Now considering [/home/raditha/csi/Antikythera/sqool] as hierarchies to watch
Reusing configuration cache.
Now considering [/home/raditha/csi/Antikythera/sqool] as hierarchies to watch
Watching the file system is configured to be enabled if available
File system watching is active
Using local directory build cache for the root build (location = /home/raditha/.gradle/caches/build-cache-1, remove unused entries = after 7 days).
Tasks to be executed: [task ':sqool-ast:compileJava', task ':sqool-ast:processResources', task ':sqool-ast:classes', task ':sqool-ast:jar', task ':sqool-core:compileJava', task ':sqool-conformance:compileJava', task ':sqool-conformance:processResources', task ':sqool-conformance:classes', task ':sqool-grammar-mysql:generateGrammarSource', task ':sqool-grammar-mysql:compileJava', task ':sqool-dialect-mysql:compileJava', task ':sqool-conformance:compileTestJava', task ':sqool-conformance:processTestResources', task ':sqool-conformance:testClasses', task ':sqool-core:processResources', task ':sqool-core:classes', task ':sqool-core:jar', task ':sqool-dialect-mysql:processResources', task ':sqool-dialect-mysql:classes', task ':sqool-dialect-mysql:jar', task ':sqool-grammar-mysql:processResources', task ':sqool-grammar-mysql:classes', task ':sqool-grammar-mysql:jar', task ':sqool-conformance:test', task ':sqool-conformance:jacocoTestReport']
Tasks that were excluded: []
Resolve mutations for :sqool-ast:compileJava (Thread[#2839,Execution worker,5,main]) started.
Resolve mutations for :sqool-ast:processResources (Thread[#2840,Execution worker Thread 2,5,main]) started.
Resolve mutations for :sqool-conformance:processResources (Thread[#2841,Execution worker Thread 3,5,main]) started.
Resolve mutations for :sqool-grammar-mysql:generateGrammarSource (Thread[#2842,Execution worker Thread 4,5,main]) started.
:sqool-ast:processResources (Thread[#2840,Execution worker Thread 2,5,main]) started.
:sqool-conformance:processResources (Thread[#2841,Execution worker Thread 3,5,main]) started.
Resolve mutations for :sqool-conformance:processTestResources (Thread[#2843,Execution worker Thread 5,5,main]) started.
:sqool-ast:compileJava (Thread[#2839,Execution worker,5,main]) started.
:sqool-grammar-mysql:generateGrammarSource (Thread[#2842,Execution worker Thread 4,5,main]) started.
Resolve mutations for :sqool-core:processResources (Thread[#2844,Execution worker Thread 6,5,main]) started.
Resolve mutations for :sqool-dialect-mysql:processResources (Thread[#2845,Execution worker Thread 7,5,main]) started.
Resolve mutations for :sqool-grammar-mysql:processResources (Thread[#2846,Execution worker Thread 8,5,main]) started.
:sqool-conformance:processTestResources (Thread[#2843,Execution worker Thread 5,5,main]) started.
:sqool-core:processResources (Thread[#2844,Execution worker Thread 6,5,main]) started.
:sqool-dialect-mysql:processResources (Thread[#2846,Execution worker Thread 8,5,main]) started.
:sqool-grammar-mysql:processResources (Thread[#2845,Execution worker Thread 7,5,main]) started.

> Task :sqool-dialect-mysql:processResources NO-SOURCE
Skipping task ':sqool-dialect-mysql:processResources' as it has no source files and no previous output files.

> Task :sqool-ast:processResources NO-SOURCE
Skipping task ':sqool-ast:processResources' as it has no source files and no previous output files.

> Task :sqool-core:processResources NO-SOURCE
Skipping task ':sqool-core:processResources' as it has no source files and no previous output files.

> Task :sqool-grammar-mysql:processResources NO-SOURCE
Skipping task ':sqool-grammar-mysql:processResources' as it has no source files and no previous output files.

> Task :sqool-conformance:processResources NO-SOURCE
Skipping task ':sqool-conformance:processResources' as it has no source files and no previous output files.

> Task :sqool-conformance:processTestResources
Caching disabled for task ':sqool-conformance:processTestResources' because:
  Not worth caching
Task ':sqool-conformance:processTestResources' is not up-to-date because:
  Executed with '--rerun-tasks'.

> Task :sqool-ast:compileJava
Build cache key for task ':sqool-ast:compileJava' is d12434b9a92d500540eac14fe8359415
Task ':sqool-ast:compileJava' is not up-to-date because:
  Executed with '--rerun-tasks'.
The input changes require a full rebuild for incremental task ':sqool-ast:compileJava'.
Compilation mode: default, forking compiler
Full recompilation is required because no incremental change information is available. This is usually caused by clean builds or changing compiler arguments.
Compiling with toolchain '/home/raditha/.gradle/jdks/eclipse_adoptium-25-amd64-linux.2'.
Compiling with JDK Java compiler API.
Class dependency analysis for incremental compilation took 0.001 secs.
Created classpath snapshot for incremental compilation in 0.0 secs.
Stored cache entry for task ':sqool-ast:compileJava' with cache key d12434b9a92d500540eac14fe8359415
Resolve mutations for :sqool-ast:classes (Thread[#2839,Execution worker,5,main]) started.
work action resolve main (project :sqool-ast) (Thread[#2843,Execution worker Thread 5,5,main]) started.
Resolve mutations for :sqool-core:compileJava (Thread[#2845,Execution worker Thread 7,5,main]) started.
:sqool-ast:classes (Thread[#2839,Execution worker,5,main]) started.
:sqool-core:compileJava (Thread[#2853,Execution worker Thread 14,5,main]) started.

> Task :sqool-ast:classes
Skipping task ':sqool-ast:classes' as it has no actions.
Resolve mutations for :sqool-ast:jar (Thread[#2839,Execution worker,5,main]) started.
:sqool-ast:jar (Thread[#2839,Execution worker,5,main]) started.

> Task :sqool-ast:jar
Caching disabled for task ':sqool-ast:jar' because:
  Not worth caching
Task ':sqool-ast:jar' is not up-to-date because:
  Executed with '--rerun-tasks'.
file or directory '/home/raditha/csi/Antikythera/sqool/sqool-ast/build/resources/main', not found
work action resolve sqool-ast-0.1.0-SNAPSHOT.jar (project :sqool-ast) (Thread[#2839,Execution worker,5,main]) started.

> Task :sqool-core:compileJava
Build cache key for task ':sqool-core:compileJava' is 0a72d6947357e44e895eba92c6110d79
Task ':sqool-core:compileJava' is not up-to-date because:
  Executed with '--rerun-tasks'.
The input changes require a full rebuild for incremental task ':sqool-core:compileJava'.
Compilation mode: default, forking compiler
Full recompilation is required because no incremental change information is available. This is usually caused by clean builds or changing compiler arguments.
Compiling with toolchain '/home/raditha/.gradle/jdks/eclipse_adoptium-25-amd64-linux.2'.
Compiling with JDK Java compiler API.
Class dependency analysis for incremental compilation took 0.0 secs.
Created classpath snapshot for incremental compilation in 0.0 secs.
Stored cache entry for task ':sqool-core:compileJava' with cache key 0a72d6947357e44e895eba92c6110d79
work action resolve main (project :sqool-core) (Thread[#2853,Execution worker Thread 14,5,main]) started.
Resolve mutations for :sqool-core:classes (Thread[#2839,Execution worker,5,main]) started.
Resolve mutations for :sqool-conformance:compileJava (Thread[#2853,Execution worker Thread 14,5,main]) started.
:sqool-core:classes (Thread[#2839,Execution worker,5,main]) started.

> Task :sqool-core:classes
Skipping task ':sqool-core:classes' as it has no actions.
Resolve mutations for :sqool-core:jar (Thread[#2851,Execution worker Thread 12,5,main]) started.
:sqool-conformance:compileJava (Thread[#2838,included builds,5,main]) started.
:sqool-core:jar (Thread[#2854,Execution worker Thread 15,5,main]) started.

> Task :sqool-conformance:compileJava NO-SOURCE
Skipping task ':sqool-conformance:compileJava' as it has no source files and no previous output files.
Resolve mutations for :sqool-conformance:classes (Thread[#2838,included builds,5,main]) started.
:sqool-conformance:classes (Thread[#2838,included builds,5,main]) started.

> Task :sqool-conformance:classes UP-TO-DATE
Skipping task ':sqool-conformance:classes' as it has no actions.

> Task :sqool-core:jar
Caching disabled for task ':sqool-core:jar' because:
  Not worth caching
Task ':sqool-core:jar' is not up-to-date because:
  Executed with '--rerun-tasks'.
file or directory '/home/raditha/csi/Antikythera/sqool/sqool-core/build/resources/main', not found
work action resolve sqool-core-0.1.0-SNAPSHOT.jar (project :sqool-core) (Thread[#2854,Execution worker Thread 15,5,main]) started.
This JVM does not support getting OS memory, so no OS memory status updates will be broadcast

> Task :sqool-grammar-mysql:generateGrammarSource
Build cache key for task ':sqool-grammar-mysql:generateGrammarSource' is 634891623615e2f008d8d16307b5c9db
Task ':sqool-grammar-mysql:generateGrammarSource' is not up-to-date because:
  Executed with '--rerun-tasks'.
The input changes require a full rebuild for incremental task ':sqool-grammar-mysql:generateGrammarSource'.
Starting process 'Gradle ANTLR Worker 90'. Working directory: /home/raditha/csi/Antikythera/sqool/sqool-grammar-mysql Command: /usr/lib/jvm/java-21-amazon-corretto/bin/java -DANTLR_DO_NOT_EXIT=true @/home/raditha/.gradle/.tmp/gradle-worker-classpath3139800365045270826txt -Xmx512m -Dfile.encoding=UTF-8 -Duser.country=US -Duser.language=en -Duser.variant worker.org.gradle.process.internal.worker.GradleWorkerMain 'Gradle ANTLR Worker 90'
Successfully started process 'Gradle ANTLR Worker 90'
Processing with ANTLR 4
Stored cache entry for task ':sqool-grammar-mysql:generateGrammarSource' with cache key 634891623615e2f008d8d16307b5c9db
Resolve mutations for :sqool-grammar-mysql:compileJava (Thread[#2842,Execution worker Thread 4,5,main]) started.
:sqool-grammar-mysql:compileJava (Thread[#2849,Execution worker Thread 10,5,main]) started.

> Task :sqool-grammar-mysql:compileJava
Build cache key for task ':sqool-grammar-mysql:compileJava' is 78c11f0dea4e2a17a9f12e2e8b3f7191
Task ':sqool-grammar-mysql:compileJava' is not up-to-date because:
  Executed with '--rerun-tasks'.
The input changes require a full rebuild for incremental task ':sqool-grammar-mysql:compileJava'.
Compilation mode: default, forking compiler
Full recompilation is required because no incremental change information is available. This is usually caused by clean builds or changing compiler arguments.
Compiling with toolchain '/home/raditha/.gradle/jdks/eclipse_adoptium-25-amd64-linux.2'.
Compiling with JDK Java compiler API.
Class dependency analysis for incremental compilation took 0.027 secs.
Created classpath snapshot for incremental compilation in 0.001 secs.
Stored cache entry for task ':sqool-grammar-mysql:compileJava' with cache key 78c11f0dea4e2a17a9f12e2e8b3f7191
work action resolve main (project :sqool-grammar-mysql) (Thread[#2849,Execution worker Thread 10,5,main]) started.
Resolve mutations for :sqool-grammar-mysql:classes (Thread[#2842,Execution worker Thread 4,5,main]) started.
Resolve mutations for :sqool-dialect-mysql:compileJava (Thread[#2849,Execution worker Thread 10,5,main]) started.
:sqool-grammar-mysql:classes (Thread[#2842,Execution worker Thread 4,5,main]) started.

> Task :sqool-grammar-mysql:classes
Skipping task ':sqool-grammar-mysql:classes' as it has no actions.
Resolve mutations for :sqool-grammar-mysql:jar (Thread[#2840,Execution worker Thread 2,5,main]) started.
:sqool-dialect-mysql:compileJava (Thread[#2849,Execution worker Thread 10,5,main]) started.
:sqool-grammar-mysql:jar (Thread[#2840,Execution worker Thread 2,5,main]) started.

> Task :sqool-dialect-mysql:compileJava
Build cache key for task ':sqool-dialect-mysql:compileJava' is 35f886328a745e0785f433c32b9d9514
Task ':sqool-dialect-mysql:compileJava' is not up-to-date because:
  Executed with '--rerun-tasks'.
The input changes require a full rebuild for incremental task ':sqool-dialect-mysql:compileJava'.
Compilation mode: default, forking compiler
Full recompilation is required because no incremental change information is available. This is usually caused by clean builds or changing compiler arguments.
Compiling with toolchain '/home/raditha/.gradle/jdks/eclipse_adoptium-25-amd64-linux.2'.
Compiling with JDK Java compiler API.
/home/raditha/csi/Antikythera/sqool/sqool-dialect-mysql/src/main/java/io/github/e4c5/sqool/dialect/mysql/MysqlAstMapper.java:1721: warning: [serial] serializable class UnsupportedFeatureException has no definition of serialVersionUID
  private static final class UnsupportedFeatureException extends RuntimeException {
                       ^
/home/raditha/csi/Antikythera/sqool/sqool-dialect-mysql/src/main/java/io/github/e4c5/sqool/dialect/mysql/MysqlAstMapper.java:1722: warning: [serial] non-transient instance field of a serializable class declared with a non-serializable type
    private final Token token;
                        ^
2 warnings
Class dependency analysis for incremental compilation took 0.0 secs.
Created classpath snapshot for incremental compilation in 0.001 secs.
Stored cache entry for task ':sqool-dialect-mysql:compileJava' with cache key 35f886328a745e0785f433c32b9d9514
work action resolve main (project :sqool-dialect-mysql) (Thread[#2849,Execution worker Thread 10,5,main]) started.
Resolve mutations for :sqool-dialect-mysql:classes (Thread[#2854,Execution worker Thread 15,5,main]) started.
Resolve mutations for :sqool-conformance:compileTestJava (Thread[#2849,Execution worker Thread 10,5,main]) started.
:sqool-dialect-mysql:classes (Thread[#2854,Execution worker Thread 15,5,main]) started.

> Task :sqool-dialect-mysql:classes
Skipping task ':sqool-dialect-mysql:classes' as it has no actions.
Resolve mutations for :sqool-dialect-mysql:jar (Thread[#2854,Execution worker Thread 15,5,main]) started.
:sqool-conformance:compileTestJava (Thread[#2849,Execution worker Thread 10,5,main]) started.
:sqool-dialect-mysql:jar (Thread[#2854,Execution worker Thread 15,5,main]) started.

> Task :sqool-dialect-mysql:jar
Caching disabled for task ':sqool-dialect-mysql:jar' because:
  Not worth caching
Task ':sqool-dialect-mysql:jar' is not up-to-date because:
  Executed with '--rerun-tasks'.
file or directory '/home/raditha/csi/Antikythera/sqool/sqool-dialect-mysql/build/resources/main', not found
work action resolve sqool-dialect-mysql-0.1.0-SNAPSHOT.jar (project :sqool-dialect-mysql) (Thread[#2854,Execution worker Thread 15,5,main]) started.

> Task :sqool-grammar-mysql:jar
Caching disabled for task ':sqool-grammar-mysql:jar' because:
  Not worth caching
Task ':sqool-grammar-mysql:jar' is not up-to-date because:
  Executed with '--rerun-tasks'.
file or directory '/home/raditha/csi/Antikythera/sqool/sqool-grammar-mysql/build/resources/main', not found
work action resolve sqool-grammar-mysql-0.1.0-SNAPSHOT.jar (project :sqool-grammar-mysql) (Thread[#2840,Execution worker Thread 2,5,main]) started.

> Task :sqool-conformance:compileTestJava
Build cache key for task ':sqool-conformance:compileTestJava' is 20ba4de242dab97cd208316b08d0e491
Task ':sqool-conformance:compileTestJava' is not up-to-date because:
  Executed with '--rerun-tasks'.
The input changes require a full rebuild for incremental task ':sqool-conformance:compileTestJava'.
Compilation mode: default, forking compiler
Full recompilation is required because no incremental change information is available. This is usually caused by clean builds or changing compiler arguments.
Compiling with toolchain '/home/raditha/.gradle/jdks/eclipse_adoptium-25-amd64-linux.2'.
Compiling with JDK Java compiler API.
Class dependency analysis for incremental compilation took 0.0 secs.
Created classpath snapshot for incremental compilation in 0.0 secs.
Stored cache entry for task ':sqool-conformance:compileTestJava' with cache key 20ba4de242dab97cd208316b08d0e491
Resolve mutations for :sqool-conformance:testClasses (Thread[#2849,Execution worker Thread 10,5,main]) started.
:sqool-conformance:testClasses (Thread[#2849,Execution worker Thread 10,5,main]) started.

> Task :sqool-conformance:testClasses
Skipping task ':sqool-conformance:testClasses' as it has no actions.
Resolve mutations for :sqool-conformance:test (Thread[#2849,Execution worker Thread 10,5,main]) started.
:sqool-conformance:test (Thread[#2849,Execution worker Thread 10,5,main]) started.
Gradle Test Executor 91 started executing tests.
Gradle Test Executor 91 finished executing tests.

> Task :sqool-conformance:test FAILED
Build cache key for task ':sqool-conformance:test' is e324227122e0193c5f177a9c9015bfbf
Task ':sqool-conformance:test' is not up-to-date because:
  Executed with '--rerun-tasks'.
Starting process 'Gradle Test Executor 91'. Working directory: /home/raditha/csi/Antikythera/sqool/sqool-conformance Command: /home/raditha/.gradle/jdks/eclipse_adoptium-25-amd64-linux.2/bin/java -Dorg.gradle.internal.worker.tmpdir=/home/raditha/csi/Antikythera/sqool/sqool-conformance/build/tmp/test/work -javaagent:/home/raditha/csi/Antikythera/sqool/sqool-conformance/build/tmp/.cache/expanded/zip_27729b840c216bdc69a9315e04b27ab1/jacocoagent.jar=destfile=build/jacoco/test.exec,append=true,inclnolocationclasses=false,dumponexit=true,output=file,jmx=false @/home/raditha/.gradle/.tmp/gradle-worker-classpath12128160904618846444txt -Xmx512m -Dfile.encoding=UTF-8 -Duser.country=US -Duser.language=en -Duser.variant -ea worker.org.gradle.process.internal.worker.GradleWorkerMain 'Gradle Test Executor 91'
Successfully started process 'Gradle Test Executor 91'

MysqlConformanceTest > parsesSupportedMysqlCorpus(ResourceCase) > parses supported resource: mysql/supported/show-statements.sql FAILED
    java.lang.IllegalArgumentException: Missing resource: mysql/supported/show-statements.sql
        at io.github.e4c5.sqool.conformance.mysql.MysqlConformanceTest.readResource(MysqlConformanceTest.java:112)
        at io.github.e4c5.sqool.conformance.mysql.MysqlConformanceTest.parsesSupportedMysqlCorpus(MysqlConformanceTest.java:72)

MysqlConformanceTest > parsesSupportedMysqlCorpus(ResourceCase) > parses supported resource: mysql/supported/show-statements.sql FAILED
    java.lang.IllegalArgumentException: Missing resource: mysql/supported/show-statements.sql
        at io.github.e4c5.sqool.conformance.mysql.MysqlConformanceTest.readResource(MysqlConformanceTest.java:112)
        at io.github.e4c5.sqool.conformance.mysql.MysqlConformanceTest.parsesSupportedMysqlCorpus(MysqlConformanceTest.java:72)

MysqlConformanceTest > parsesSupportedMysqlCorpus(ResourceCase) > parses supported resource: mysql/supported/functions-and-exprs.sql FAILED
    java.lang.IllegalArgumentException: Missing resource: mysql/supported/functions-and-exprs.sql
        at io.github.e4c5.sqool.conformance.mysql.MysqlConformanceTest.readResource(MysqlConformanceTest.java:112)
        at io.github.e4c5.sqool.conformance.mysql.MysqlConformanceTest.parsesSupportedMysqlCorpus(MysqlConformanceTest.java:72)

DebugTest > testDebug() FAILED
    java.nio.file.NoSuchFileException: /home/raditha/csi/Antikythera/sqool/sqool-conformance/src/test/resources/mysql/supported/show-statements.sql
        at java.base/sun.nio.fs.UnixException.translateToIOException(UnixException.java:92)
        at java.base/sun.nio.fs.UnixException.rethrowAsIOException(UnixException.java:106)
        at java.base/sun.nio.fs.UnixException.rethrowAsIOException(UnixException.java:111)
        at java.base/sun.nio.fs.UnixFileSystemProvider.newFileChannel(UnixFileSystemProvider.java:213)
        at java.base/sun.nio.fs.UnixFileSystemProvider.newByteChannel(UnixFileSystemProvider.java:244)
        at java.base/java.nio.file.Files.newByteChannel(Files.java:357)
        at java.base/java.nio.file.Files.newByteChannel(Files.java:399)
        at java.base/java.nio.file.Files.readAllBytes(Files.java:2973)
        at io.github.e4c5.sqool.conformance.mysql.debug.DebugTest.testDebug(DebugTest.java:17)

Results: FAILURE (34 tests, 30 successes, 4 failures, 0 skipped)

34 tests completed, 4 failed
Generating HTML test report...
Finished generating test html results (0.002 secs) into: /home/raditha/csi/Antikythera/sqool/sqool-conformance/build/reports/tests/test
Finished generating test XML results (0.0 secs) into: /home/raditha/csi/Antikythera/sqool/sqool-conformance/build/test-results/test

[Incubating] Problems report is available at: file:///home/raditha/csi/Antikythera/sqool/build/reports/problems/problems-report.html

FAILURE: Build failed with an exception.

* What went wrong:
Execution failed for task ':sqool-conformance:test'.
> There were failing tests. See the report at: file:///home/raditha/csi/Antikythera/sqool/sqool-conformance/build/reports/tests/test/index.html

* Try:
> Run with --scan to get full insights from a Build Scan (powered by Develocity).

BUILD FAILED in 5s
12 actionable tasks: 12 executed
Configuration cache entry reused.
